2025-09-29 10:12:22,483 - INFO - ================================================================================
2025-09-29 10:12:22,484 - INFO - Starting ClickHouse Export Migration
2025-09-29 10:12:22,484 - INFO - Environment: stg
2025-09-29 10:12:22,484 - INFO - Mode: EXECUTION
2025-09-29 10:12:22,484 - INFO - ⚠️  WARNING: This affects active daily staging pipeline!
2025-09-29 10:12:22,484 - INFO - ================================================================================
2025-09-29 10:12:23,514 - INFO - Starting ClickHouse export migration
2025-09-29 10:12:23,514 - INFO -   From: gs://data-bucket-stg/clickhouse_export/
2025-09-29 10:12:23,514 - INFO -   To: gs://de-bigquery-data-export-stg/clickhouse_export/
2025-09-29 10:12:23,514 - INFO - Scanning contents of gs://data-bucket-stg/clickhouse_export/
2025-09-29 10:12:47,356 - INFO - Found 13843 ClickHouse export files to migrate
2025-09-29 10:13:11,099 - INFO - Total size: 84.84GiB gs://data-bucket-stg/clickhouse_export/
2025-09-29 10:13:11,099 - INFO - File analysis:
2025-09-29 10:13:11,099 - INFO -   Total files: 13843
2025-09-29 10:13:11,099 - INFO -   File types: {'no_ext': 523, 'parquet': 13320}
2025-09-29 10:13:11,099 - INFO -   Environment paths: ['stg']
2025-09-29 10:13:11,099 - INFO -   Export dates detected: 114
2025-09-29 10:13:11,099 - INFO -   Recent export dates: ['20250924', '20250925', '20250926', '20250927', '20250928']
2025-09-29 10:13:11,099 - INFO -   Sample export files:
2025-09-29 10:13:11,099 - INFO -     📄 : (Export file)
2025-09-29 10:13:11,099 - INFO -     📄 : (Export file)
2025-09-29 10:13:11,099 - INFO -     📄 : (Export file)
2025-09-29 10:13:11,099 - INFO -     📄 : (Export file)
2025-09-29 10:13:11,099 - INFO -     📄 : (Export file)
2025-09-29 10:13:11,099 - INFO - Executing: gcloud storage rsync --recursive --exclude=.DS_Store gs://data-bucket-stg/clickhouse_export/ gs://de-bigquery-data-export-stg/clickhouse_export/
2025-09-29 10:13:34,332 - INFO - Successfully migrated ClickHouse export files
2025-09-29 10:13:56,647 - INFO - Verification: 13843 files found in new location
2025-09-29 10:13:56,647 - INFO - ✅ Migration verification successful
2025-09-29 10:13:56,656 - INFO - ================================================================================
2025-09-29 10:13:56,656 - INFO - MIGRATION SUMMARY
2025-09-29 10:13:56,657 - INFO - Files migrated: 13843
2025-09-29 10:13:56,657 - INFO - Status: SUCCESS
2025-09-29 10:13:56,657 - INFO - File type breakdown:
2025-09-29 10:13:56,657 - INFO -   no_ext: 523 files
2025-09-29 10:13:56,657 - INFO -   parquet: 13320 files
2025-09-29 10:13:56,657 - INFO - Export operations: 114 dates detected
2025-09-29 10:13:56,657 - INFO - ⚠️  IMPORTANT: Update code references to use new bucket path!
2025-09-29 10:13:56,657 - INFO -    Update orchestration/dags/jobs/export/export_clickhouse.py
2025-09-29 10:13:56,657 - INFO -    Change path from: gs://data-bucket-stg/clickhouse_export/
2025-09-29 10:13:56,657 - INFO -    To: gs://de-bigquery-data-export-stg/clickhouse_export/
2025-09-29 10:13:56,657 - INFO - ================================================================================
