2025-09-29 09:52:59,043 - INFO - ================================================================================
2025-09-29 09:52:59,043 - INFO - Starting Elementary Reports Migration
2025-09-29 09:52:59,043 - INFO - Environment: prod
2025-09-29 09:52:59,043 - INFO - Mode: DRY RUN
2025-09-29 09:52:59,043 - INFO - ⚠️  NOTE: This affects daily report generation and growing volume!
2025-09-29 09:52:59,043 - INFO - ================================================================================
2025-09-29 09:53:00,307 - INFO - Starting Elementary reports migration
2025-09-29 09:53:00,307 - INFO -   From: gs://data-bucket-prod/elementary_reports/
2025-09-29 09:53:00,307 - INFO -   To: gs://de-bigquery-data-export-prod/elementary_reports/
2025-09-29 09:53:00,307 - INFO - Scanning contents of gs://data-bucket-prod/elementary_reports/
2025-09-29 09:53:00,981 - INFO - Found 310 Elementary report files to migrate
2025-09-29 09:53:01,629 - INFO - Total size: 3.88GiB gs://data-bucket-prod/elementary_reports/
2025-09-29 09:53:01,629 - INFO - File analysis:
2025-09-29 09:53:01,629 - INFO -   Total files: 310
2025-09-29 09:53:01,629 - INFO -   File types: {'no_ext': 3, 'html': 307}
2025-09-29 09:53:01,629 - INFO -   Years with reports: ['2024', '2025']
2025-09-29 09:53:01,630 - INFO -   Recent months: ['202504', '202505', '202506', '202507', '202508', '202509']
2025-09-29 09:53:01,630 - INFO -   Sample reports:
2025-09-29 09:53:01,630 - INFO -     📄 :
2025-09-29 09:53:01,630 - INFO -     📄 :
2025-09-29 09:53:01,630 - INFO -     📊 elementary_report_20240918.html (Daily monitoring report)
2025-09-29 09:53:01,630 - INFO -     📊 elementary_report_20240919.html (Daily monitoring report)
2025-09-29 09:53:01,630 - INFO -     📊 elementary_report_20240920.html (Daily monitoring report)
2025-09-29 09:53:01,630 - INFO - DRY RUN - Elementary report files that would be migrated:
2025-09-29 09:53:01,630 - INFO -   gs://data-bucket-prod/elementary_reports/: → gs://de-bigquery-data-export-prod/elementary_reports/:
2025-09-29 09:53:01,630 - INFO -   gs://data-bucket-prod/elementary_reports/2024/: → gs://de-bigquery-data-export-prod/elementary_reports/2024/:
2025-09-29 09:53:01,630 - INFO -   gs://data-bucket-prod/elementary_reports/2024/elementary_report_20240918.html → gs://de-bigquery-data-export-prod/elementary_reports/2024/elementary_report_20240918.html
2025-09-29 09:53:01,630 - INFO -   gs://data-bucket-prod/elementary_reports/2024/elementary_report_20240919.html → gs://de-bigquery-data-export-prod/elementary_reports/2024/elementary_report_20240919.html
2025-09-29 09:53:01,630 - INFO -   gs://data-bucket-prod/elementary_reports/2024/elementary_report_20240920.html → gs://de-bigquery-data-export-prod/elementary_reports/2024/elementary_report_20240920.html
2025-09-29 09:53:01,630 - INFO -   gs://data-bucket-prod/elementary_reports/2024/elementary_report_20240921.html → gs://de-bigquery-data-export-prod/elementary_reports/2024/elementary_report_20240921.html
2025-09-29 09:53:01,630 - INFO -   gs://data-bucket-prod/elementary_reports/2024/elementary_report_20240922.html → gs://de-bigquery-data-export-prod/elementary_reports/2024/elementary_report_20240922.html
2025-09-29 09:53:01,630 - INFO -   gs://data-bucket-prod/elementary_reports/2024/elementary_report_20240923.html → gs://de-bigquery-data-export-prod/elementary_reports/2024/elementary_report_20240923.html
2025-09-29 09:53:01,630 - INFO -   gs://data-bucket-prod/elementary_reports/2024/elementary_report_20240924.html → gs://de-bigquery-data-export-prod/elementary_reports/2024/elementary_report_20240924.html
2025-09-29 09:53:01,630 - INFO -   gs://data-bucket-prod/elementary_reports/2024/elementary_report_20240925.html → gs://de-bigquery-data-export-prod/elementary_reports/2024/elementary_report_20240925.html
2025-09-29 09:53:01,630 - INFO -   gs://data-bucket-prod/elementary_reports/2024/elementary_report_20240926.html → gs://de-bigquery-data-export-prod/elementary_reports/2024/elementary_report_20240926.html
2025-09-29 09:53:01,630 - INFO -   gs://data-bucket-prod/elementary_reports/2024/elementary_report_20240927.html → gs://de-bigquery-data-export-prod/elementary_reports/2024/elementary_report_20240927.html
2025-09-29 09:53:01,630 - INFO -   gs://data-bucket-prod/elementary_reports/2024/elementary_report_20240928.html → gs://de-bigquery-data-export-prod/elementary_reports/2024/elementary_report_20240928.html
2025-09-29 09:53:01,630 - INFO -   gs://data-bucket-prod/elementary_reports/2024/elementary_report_20240929.html → gs://de-bigquery-data-export-prod/elementary_reports/2024/elementary_report_20240929.html
2025-09-29 09:53:01,630 - INFO -   gs://data-bucket-prod/elementary_reports/2024/elementary_report_20240930.html → gs://de-bigquery-data-export-prod/elementary_reports/2024/elementary_report_20240930.html
2025-09-29 09:53:01,630 - INFO -   gs://data-bucket-prod/elementary_reports/2024/elementary_report_20241001.html → gs://de-bigquery-data-export-prod/elementary_reports/2024/elementary_report_20241001.html
2025-09-29 09:53:01,630 - INFO -   gs://data-bucket-prod/elementary_reports/2024/elementary_report_20241006.html → gs://de-bigquery-data-export-prod/elementary_reports/2024/elementary_report_20241006.html
2025-09-29 09:53:01,630 - INFO -   gs://data-bucket-prod/elementary_reports/2024/elementary_report_20241007.html → gs://de-bigquery-data-export-prod/elementary_reports/2024/elementary_report_20241007.html
2025-09-29 09:53:01,630 - INFO -   gs://data-bucket-prod/elementary_reports/2024/elementary_report_20241008.html → gs://de-bigquery-data-export-prod/elementary_reports/2024/elementary_report_20241008.html
2025-09-29 09:53:01,630 - INFO -   gs://data-bucket-prod/elementary_reports/2024/elementary_report_20241010.html → gs://de-bigquery-data-export-prod/elementary_reports/2024/elementary_report_20241010.html
2025-09-29 09:53:01,630 - INFO -   gs://data-bucket-prod/elementary_reports/2024/elementary_report_20241011.html → gs://de-bigquery-data-export-prod/elementary_reports/2024/elementary_report_20241011.html
2025-09-29 09:53:01,630 - INFO -   gs://data-bucket-prod/elementary_reports/2024/elementary_report_20241012.html → gs://de-bigquery-data-export-prod/elementary_reports/2024/elementary_report_20241012.html
2025-09-29 09:53:01,630 - INFO -   gs://data-bucket-prod/elementary_reports/2024/elementary_report_20241013.html → gs://de-bigquery-data-export-prod/elementary_reports/2024/elementary_report_20241013.html
2025-09-29 09:53:01,630 - INFO -   gs://data-bucket-prod/elementary_reports/2024/elementary_report_20241014.html → gs://de-bigquery-data-export-prod/elementary_reports/2024/elementary_report_20241014.html
2025-09-29 09:53:01,630 - INFO -   gs://data-bucket-prod/elementary_reports/2024/elementary_report_20241015.html → gs://de-bigquery-data-export-prod/elementary_reports/2024/elementary_report_20241015.html
2025-09-29 09:53:01,630 - INFO -   gs://data-bucket-prod/elementary_reports/2024/elementary_report_20241016.html → gs://de-bigquery-data-export-prod/elementary_reports/2024/elementary_report_20241016.html
2025-09-29 09:53:01,630 - INFO -   gs://data-bucket-prod/elementary_reports/2024/elementary_report_20241017.html → gs://de-bigquery-data-export-prod/elementary_reports/2024/elementary_report_20241017.html
2025-09-29 09:53:01,630 - INFO -   gs://data-bucket-prod/elementary_reports/2024/elementary_report_20241018.html → gs://de-bigquery-data-export-prod/elementary_reports/2024/elementary_report_20241018.html
2025-09-29 09:53:01,630 - INFO -   gs://data-bucket-prod/elementary_reports/2024/elementary_report_20241019.html → gs://de-bigquery-data-export-prod/elementary_reports/2024/elementary_report_20241019.html
2025-09-29 09:53:01,630 - INFO -   gs://data-bucket-prod/elementary_reports/2024/elementary_report_20241020.html → gs://de-bigquery-data-export-prod/elementary_reports/2024/elementary_report_20241020.html
2025-09-29 09:53:01,630 - INFO -   gs://data-bucket-prod/elementary_reports/2024/elementary_report_20241021.html → gs://de-bigquery-data-export-prod/elementary_reports/2024/elementary_report_20241021.html
2025-09-29 09:53:01,630 - INFO -   gs://data-bucket-prod/elementary_reports/2024/elementary_report_20241022.html → gs://de-bigquery-data-export-prod/elementary_reports/2024/elementary_report_20241022.html
2025-09-29 09:53:01,630 - INFO -   gs://data-bucket-prod/elementary_reports/2024/elementary_report_20241023.html → gs://de-bigquery-data-export-prod/elementary_reports/2024/elementary_report_20241023.html
2025-09-29 09:53:01,630 - INFO -   gs://data-bucket-prod/elementary_reports/2024/elementary_report_20241024.html → gs://de-bigquery-data-export-prod/elementary_reports/2024/elementary_report_20241024.html
2025-09-29 09:53:01,630 - INFO -   gs://data-bucket-prod/elementary_reports/2024/elementary_report_20241025.html → gs://de-bigquery-data-export-prod/elementary_reports/2024/elementary_report_20241025.html
2025-09-29 09:53:01,630 - INFO -   gs://data-bucket-prod/elementary_reports/2024/elementary_report_20241026.html → gs://de-bigquery-data-export-prod/elementary_reports/2024/elementary_report_20241026.html
2025-09-29 09:53:01,630 - INFO -   gs://data-bucket-prod/elementary_reports/2024/elementary_report_20241027.html → gs://de-bigquery-data-export-prod/elementary_reports/2024/elementary_report_20241027.html
2025-09-29 09:53:01,630 - INFO -   gs://data-bucket-prod/elementary_reports/2024/elementary_report_20241028.html → gs://de-bigquery-data-export-prod/elementary_reports/2024/elementary_report_20241028.html
2025-09-29 09:53:01,630 - INFO -   gs://data-bucket-prod/elementary_reports/2024/elementary_report_20241029.html → gs://de-bigquery-data-export-prod/elementary_reports/2024/elementary_report_20241029.html
2025-09-29 09:53:01,630 - INFO -   gs://data-bucket-prod/elementary_reports/2024/elementary_report_20241030.html → gs://de-bigquery-data-export-prod/elementary_reports/2024/elementary_report_20241030.html
2025-09-29 09:53:01,630 - INFO -   gs://data-bucket-prod/elementary_reports/2024/elementary_report_20241031.html → gs://de-bigquery-data-export-prod/elementary_reports/2024/elementary_report_20241031.html
2025-09-29 09:53:01,630 - INFO -   gs://data-bucket-prod/elementary_reports/2024/elementary_report_20241101.html → gs://de-bigquery-data-export-prod/elementary_reports/2024/elementary_report_20241101.html
2025-09-29 09:53:01,630 - INFO -   gs://data-bucket-prod/elementary_reports/2024/elementary_report_20241102.html → gs://de-bigquery-data-export-prod/elementary_reports/2024/elementary_report_20241102.html
2025-09-29 09:53:01,630 - INFO -   gs://data-bucket-prod/elementary_reports/2024/elementary_report_20241103.html → gs://de-bigquery-data-export-prod/elementary_reports/2024/elementary_report_20241103.html
2025-09-29 09:53:01,630 - INFO -   gs://data-bucket-prod/elementary_reports/2024/elementary_report_20241104.html → gs://de-bigquery-data-export-prod/elementary_reports/2024/elementary_report_20241104.html
2025-09-29 09:53:01,630 - INFO -   gs://data-bucket-prod/elementary_reports/2024/elementary_report_20241105.html → gs://de-bigquery-data-export-prod/elementary_reports/2024/elementary_report_20241105.html
2025-09-29 09:53:01,630 - INFO -   gs://data-bucket-prod/elementary_reports/2024/elementary_report_20241106.html → gs://de-bigquery-data-export-prod/elementary_reports/2024/elementary_report_20241106.html
2025-09-29 09:53:01,630 - INFO -   gs://data-bucket-prod/elementary_reports/2024/elementary_report_20241107.html → gs://de-bigquery-data-export-prod/elementary_reports/2024/elementary_report_20241107.html
2025-09-29 09:53:01,630 - INFO -   gs://data-bucket-prod/elementary_reports/2024/elementary_report_20241108.html → gs://de-bigquery-data-export-prod/elementary_reports/2024/elementary_report_20241108.html
2025-09-29 09:53:01,630 - INFO -   gs://data-bucket-prod/elementary_reports/2024/elementary_report_20241109.html → gs://de-bigquery-data-export-prod/elementary_reports/2024/elementary_report_20241109.html
2025-09-29 09:53:01,630 - INFO -   gs://data-bucket-prod/elementary_reports/2024/elementary_report_20241110.html → gs://de-bigquery-data-export-prod/elementary_reports/2024/elementary_report_20241110.html
2025-09-29 09:53:01,630 - INFO -   gs://data-bucket-prod/elementary_reports/2024/elementary_report_20241111.html → gs://de-bigquery-data-export-prod/elementary_reports/2024/elementary_report_20241111.html
2025-09-29 09:53:01,630 - INFO -   gs://data-bucket-prod/elementary_reports/2024/elementary_report_20241114.html → gs://de-bigquery-data-export-prod/elementary_reports/2024/elementary_report_20241114.html
2025-09-29 09:53:01,630 - INFO -   gs://data-bucket-prod/elementary_reports/2024/elementary_report_20241115.html → gs://de-bigquery-data-export-prod/elementary_reports/2024/elementary_report_20241115.html
2025-09-29 09:53:01,630 - INFO -   gs://data-bucket-prod/elementary_reports/2024/elementary_report_20241116.html → gs://de-bigquery-data-export-prod/elementary_reports/2024/elementary_report_20241116.html
2025-09-29 09:53:01,630 - INFO -   gs://data-bucket-prod/elementary_reports/2024/elementary_report_20241117.html → gs://de-bigquery-data-export-prod/elementary_reports/2024/elementary_report_20241117.html
2025-09-29 09:53:01,630 - INFO -   gs://data-bucket-prod/elementary_reports/2024/elementary_report_20241118.html → gs://de-bigquery-data-export-prod/elementary_reports/2024/elementary_report_20241118.html
2025-09-29 09:53:01,630 - INFO -   gs://data-bucket-prod/elementary_reports/2024/elementary_report_20241119.html → gs://de-bigquery-data-export-prod/elementary_reports/2024/elementary_report_20241119.html
2025-09-29 09:53:01,630 - INFO -   gs://data-bucket-prod/elementary_reports/2024/elementary_report_20241120.html → gs://de-bigquery-data-export-prod/elementary_reports/2024/elementary_report_20241120.html
2025-09-29 09:53:01,630 - INFO -   gs://data-bucket-prod/elementary_reports/2024/elementary_report_20241121.html → gs://de-bigquery-data-export-prod/elementary_reports/2024/elementary_report_20241121.html
2025-09-29 09:53:01,630 - INFO -   gs://data-bucket-prod/elementary_reports/2024/elementary_report_20241122.html → gs://de-bigquery-data-export-prod/elementary_reports/2024/elementary_report_20241122.html
2025-09-29 09:53:01,630 - INFO -   gs://data-bucket-prod/elementary_reports/2024/elementary_report_20241123.html → gs://de-bigquery-data-export-prod/elementary_reports/2024/elementary_report_20241123.html
2025-09-29 09:53:01,630 - INFO -   gs://data-bucket-prod/elementary_reports/2024/elementary_report_20241124.html → gs://de-bigquery-data-export-prod/elementary_reports/2024/elementary_report_20241124.html
2025-09-29 09:53:01,630 - INFO -   gs://data-bucket-prod/elementary_reports/2024/elementary_report_20241125.html → gs://de-bigquery-data-export-prod/elementary_reports/2024/elementary_report_20241125.html
2025-09-29 09:53:01,631 - INFO -   gs://data-bucket-prod/elementary_reports/2024/elementary_report_20241126.html → gs://de-bigquery-data-export-prod/elementary_reports/2024/elementary_report_20241126.html
2025-09-29 09:53:01,631 - INFO -   gs://data-bucket-prod/elementary_reports/2024/elementary_report_20241127.html → gs://de-bigquery-data-export-prod/elementary_reports/2024/elementary_report_20241127.html
2025-09-29 09:53:01,631 - INFO -   gs://data-bucket-prod/elementary_reports/2024/elementary_report_20241201.html → gs://de-bigquery-data-export-prod/elementary_reports/2024/elementary_report_20241201.html
2025-09-29 09:53:01,631 - INFO -   gs://data-bucket-prod/elementary_reports/2024/elementary_report_20241202.html → gs://de-bigquery-data-export-prod/elementary_reports/2024/elementary_report_20241202.html
2025-09-29 09:53:01,631 - INFO -   gs://data-bucket-prod/elementary_reports/2024/elementary_report_20241203.html → gs://de-bigquery-data-export-prod/elementary_reports/2024/elementary_report_20241203.html
2025-09-29 09:53:01,631 - INFO -   gs://data-bucket-prod/elementary_reports/2024/elementary_report_20241204.html → gs://de-bigquery-data-export-prod/elementary_reports/2024/elementary_report_20241204.html
2025-09-29 09:53:01,631 - INFO -   gs://data-bucket-prod/elementary_reports/2024/elementary_report_20241205.html → gs://de-bigquery-data-export-prod/elementary_reports/2024/elementary_report_20241205.html
2025-09-29 09:53:01,631 - INFO -   gs://data-bucket-prod/elementary_reports/2024/elementary_report_20241206.html → gs://de-bigquery-data-export-prod/elementary_reports/2024/elementary_report_20241206.html
2025-09-29 09:53:01,631 - INFO -   gs://data-bucket-prod/elementary_reports/2024/elementary_report_20241207.html → gs://de-bigquery-data-export-prod/elementary_reports/2024/elementary_report_20241207.html
2025-09-29 09:53:01,631 - INFO -   gs://data-bucket-prod/elementary_reports/2024/elementary_report_20241208.html → gs://de-bigquery-data-export-prod/elementary_reports/2024/elementary_report_20241208.html
2025-09-29 09:53:01,631 - INFO -   gs://data-bucket-prod/elementary_reports/2024/elementary_report_20241209.html → gs://de-bigquery-data-export-prod/elementary_reports/2024/elementary_report_20241209.html
2025-09-29 09:53:01,631 - INFO -   gs://data-bucket-prod/elementary_reports/2024/elementary_report_20241210.html → gs://de-bigquery-data-export-prod/elementary_reports/2024/elementary_report_20241210.html
2025-09-29 09:53:01,631 - INFO -   gs://data-bucket-prod/elementary_reports/2024/elementary_report_20241211.html → gs://de-bigquery-data-export-prod/elementary_reports/2024/elementary_report_20241211.html
2025-09-29 09:53:01,631 - INFO -   gs://data-bucket-prod/elementary_reports/2024/elementary_report_20241212.html → gs://de-bigquery-data-export-prod/elementary_reports/2024/elementary_report_20241212.html
2025-09-29 09:53:01,631 - INFO -   gs://data-bucket-prod/elementary_reports/2024/elementary_report_20241213.html → gs://de-bigquery-data-export-prod/elementary_reports/2024/elementary_report_20241213.html
2025-09-29 09:53:01,631 - INFO -   gs://data-bucket-prod/elementary_reports/2024/elementary_report_20241214.html → gs://de-bigquery-data-export-prod/elementary_reports/2024/elementary_report_20241214.html
2025-09-29 09:53:01,631 - INFO -   gs://data-bucket-prod/elementary_reports/2024/elementary_report_20241215.html → gs://de-bigquery-data-export-prod/elementary_reports/2024/elementary_report_20241215.html
2025-09-29 09:53:01,631 - INFO -   gs://data-bucket-prod/elementary_reports/2024/elementary_report_20241216.html → gs://de-bigquery-data-export-prod/elementary_reports/2024/elementary_report_20241216.html
2025-09-29 09:53:01,631 - INFO -   gs://data-bucket-prod/elementary_reports/2024/elementary_report_20241217.html → gs://de-bigquery-data-export-prod/elementary_reports/2024/elementary_report_20241217.html
2025-09-29 09:53:01,631 - INFO -   gs://data-bucket-prod/elementary_reports/2024/elementary_report_20241218.html → gs://de-bigquery-data-export-prod/elementary_reports/2024/elementary_report_20241218.html
2025-09-29 09:53:01,631 - INFO -   gs://data-bucket-prod/elementary_reports/2024/elementary_report_20241219.html → gs://de-bigquery-data-export-prod/elementary_reports/2024/elementary_report_20241219.html
2025-09-29 09:53:01,631 - INFO -   gs://data-bucket-prod/elementary_reports/2024/elementary_report_20241220.html → gs://de-bigquery-data-export-prod/elementary_reports/2024/elementary_report_20241220.html
2025-09-29 09:53:01,631 - INFO -   gs://data-bucket-prod/elementary_reports/2024/elementary_report_20241221.html → gs://de-bigquery-data-export-prod/elementary_reports/2024/elementary_report_20241221.html
2025-09-29 09:53:01,631 - INFO -   gs://data-bucket-prod/elementary_reports/2024/elementary_report_20241222.html → gs://de-bigquery-data-export-prod/elementary_reports/2024/elementary_report_20241222.html
2025-09-29 09:53:01,631 - INFO -   gs://data-bucket-prod/elementary_reports/2024/elementary_report_20241223.html → gs://de-bigquery-data-export-prod/elementary_reports/2024/elementary_report_20241223.html
2025-09-29 09:53:01,631 - INFO -   gs://data-bucket-prod/elementary_reports/2024/elementary_report_20241224.html → gs://de-bigquery-data-export-prod/elementary_reports/2024/elementary_report_20241224.html
2025-09-29 09:53:01,631 - INFO -   gs://data-bucket-prod/elementary_reports/2024/elementary_report_20241225.html → gs://de-bigquery-data-export-prod/elementary_reports/2024/elementary_report_20241225.html
2025-09-29 09:53:01,631 - INFO -   gs://data-bucket-prod/elementary_reports/2024/elementary_report_20241226.html → gs://de-bigquery-data-export-prod/elementary_reports/2024/elementary_report_20241226.html
2025-09-29 09:53:01,631 - INFO -   gs://data-bucket-prod/elementary_reports/2024/elementary_report_20241227.html → gs://de-bigquery-data-export-prod/elementary_reports/2024/elementary_report_20241227.html
2025-09-29 09:53:01,631 - INFO -   gs://data-bucket-prod/elementary_reports/2024/elementary_report_20241228.html → gs://de-bigquery-data-export-prod/elementary_reports/2024/elementary_report_20241228.html
2025-09-29 09:53:01,631 - INFO -   gs://data-bucket-prod/elementary_reports/2024/elementary_report_20241229.html → gs://de-bigquery-data-export-prod/elementary_reports/2024/elementary_report_20241229.html
2025-09-29 09:53:01,631 - INFO -   gs://data-bucket-prod/elementary_reports/2024/elementary_report_20241230.html → gs://de-bigquery-data-export-prod/elementary_reports/2024/elementary_report_20241230.html
2025-09-29 09:53:01,631 - INFO -   gs://data-bucket-prod/elementary_reports/2024/elementary_report_20241231.html → gs://de-bigquery-data-export-prod/elementary_reports/2024/elementary_report_20241231.html
2025-09-29 09:53:01,631 - INFO -   gs://data-bucket-prod/elementary_reports/2025/: → gs://de-bigquery-data-export-prod/elementary_reports/2025/:
2025-09-29 09:53:01,631 - INFO -   gs://data-bucket-prod/elementary_reports/2025/elementary_report_20250101.html → gs://de-bigquery-data-export-prod/elementary_reports/2025/elementary_report_20250101.html
2025-09-29 09:53:01,631 - INFO -   gs://data-bucket-prod/elementary_reports/2025/elementary_report_20250102.html → gs://de-bigquery-data-export-prod/elementary_reports/2025/elementary_report_20250102.html
2025-09-29 09:53:01,631 - INFO -   gs://data-bucket-prod/elementary_reports/2025/elementary_report_20250103.html → gs://de-bigquery-data-export-prod/elementary_reports/2025/elementary_report_20250103.html
2025-09-29 09:53:01,631 - INFO -   gs://data-bucket-prod/elementary_reports/2025/elementary_report_20250104.html → gs://de-bigquery-data-export-prod/elementary_reports/2025/elementary_report_20250104.html
2025-09-29 09:53:01,631 - INFO -   gs://data-bucket-prod/elementary_reports/2025/elementary_report_20250105.html → gs://de-bigquery-data-export-prod/elementary_reports/2025/elementary_report_20250105.html
2025-09-29 09:53:01,631 - INFO -   gs://data-bucket-prod/elementary_reports/2025/elementary_report_20250106.html → gs://de-bigquery-data-export-prod/elementary_reports/2025/elementary_report_20250106.html
2025-09-29 09:53:01,631 - INFO -   gs://data-bucket-prod/elementary_reports/2025/elementary_report_20250107.html → gs://de-bigquery-data-export-prod/elementary_reports/2025/elementary_report_20250107.html
2025-09-29 09:53:01,631 - INFO -   gs://data-bucket-prod/elementary_reports/2025/elementary_report_20250108.html → gs://de-bigquery-data-export-prod/elementary_reports/2025/elementary_report_20250108.html
2025-09-29 09:53:01,631 - INFO -   gs://data-bucket-prod/elementary_reports/2025/elementary_report_20250109.html → gs://de-bigquery-data-export-prod/elementary_reports/2025/elementary_report_20250109.html
2025-09-29 09:53:01,631 - INFO -   gs://data-bucket-prod/elementary_reports/2025/elementary_report_20250110.html → gs://de-bigquery-data-export-prod/elementary_reports/2025/elementary_report_20250110.html
2025-09-29 09:53:01,631 - INFO -   gs://data-bucket-prod/elementary_reports/2025/elementary_report_20250111.html → gs://de-bigquery-data-export-prod/elementary_reports/2025/elementary_report_20250111.html
2025-09-29 09:53:01,631 - INFO -   gs://data-bucket-prod/elementary_reports/2025/elementary_report_20250112.html → gs://de-bigquery-data-export-prod/elementary_reports/2025/elementary_report_20250112.html
2025-09-29 09:53:01,631 - INFO -   gs://data-bucket-prod/elementary_reports/2025/elementary_report_20250113.html → gs://de-bigquery-data-export-prod/elementary_reports/2025/elementary_report_20250113.html
2025-09-29 09:53:01,631 - INFO -   gs://data-bucket-prod/elementary_reports/2025/elementary_report_20250114.html → gs://de-bigquery-data-export-prod/elementary_reports/2025/elementary_report_20250114.html
2025-09-29 09:53:01,631 - INFO -   gs://data-bucket-prod/elementary_reports/2025/elementary_report_20250115.html → gs://de-bigquery-data-export-prod/elementary_reports/2025/elementary_report_20250115.html
2025-09-29 09:53:01,631 - INFO -   gs://data-bucket-prod/elementary_reports/2025/elementary_report_20250116.html → gs://de-bigquery-data-export-prod/elementary_reports/2025/elementary_report_20250116.html
2025-09-29 09:53:01,631 - INFO -   gs://data-bucket-prod/elementary_reports/2025/elementary_report_20250117.html → gs://de-bigquery-data-export-prod/elementary_reports/2025/elementary_report_20250117.html
2025-09-29 09:53:01,631 - INFO -   gs://data-bucket-prod/elementary_reports/2025/elementary_report_20250118.html → gs://de-bigquery-data-export-prod/elementary_reports/2025/elementary_report_20250118.html
2025-09-29 09:53:01,631 - INFO -   gs://data-bucket-prod/elementary_reports/2025/elementary_report_20250119.html → gs://de-bigquery-data-export-prod/elementary_reports/2025/elementary_report_20250119.html
2025-09-29 09:53:01,631 - INFO -   gs://data-bucket-prod/elementary_reports/2025/elementary_report_20250120.html → gs://de-bigquery-data-export-prod/elementary_reports/2025/elementary_report_20250120.html
2025-09-29 09:53:01,631 - INFO -   gs://data-bucket-prod/elementary_reports/2025/elementary_report_20250121.html → gs://de-bigquery-data-export-prod/elementary_reports/2025/elementary_report_20250121.html
2025-09-29 09:53:01,631 - INFO -   gs://data-bucket-prod/elementary_reports/2025/elementary_report_20250122.html → gs://de-bigquery-data-export-prod/elementary_reports/2025/elementary_report_20250122.html
2025-09-29 09:53:01,631 - INFO -   gs://data-bucket-prod/elementary_reports/2025/elementary_report_20250123.html → gs://de-bigquery-data-export-prod/elementary_reports/2025/elementary_report_20250123.html
2025-09-29 09:53:01,631 - INFO -   gs://data-bucket-prod/elementary_reports/2025/elementary_report_20250124.html → gs://de-bigquery-data-export-prod/elementary_reports/2025/elementary_report_20250124.html
2025-09-29 09:53:01,631 - INFO -   gs://data-bucket-prod/elementary_reports/2025/elementary_report_20250125.html → gs://de-bigquery-data-export-prod/elementary_reports/2025/elementary_report_20250125.html
2025-09-29 09:53:01,631 - INFO -   gs://data-bucket-prod/elementary_reports/2025/elementary_report_20250126.html → gs://de-bigquery-data-export-prod/elementary_reports/2025/elementary_report_20250126.html
2025-09-29 09:53:01,631 - INFO -   gs://data-bucket-prod/elementary_reports/2025/elementary_report_20250127.html → gs://de-bigquery-data-export-prod/elementary_reports/2025/elementary_report_20250127.html
2025-09-29 09:53:01,631 - INFO -   gs://data-bucket-prod/elementary_reports/2025/elementary_report_20250128.html → gs://de-bigquery-data-export-prod/elementary_reports/2025/elementary_report_20250128.html
2025-09-29 09:53:01,631 - INFO -   gs://data-bucket-prod/elementary_reports/2025/elementary_report_20250129.html → gs://de-bigquery-data-export-prod/elementary_reports/2025/elementary_report_20250129.html
2025-09-29 09:53:01,631 - INFO -   gs://data-bucket-prod/elementary_reports/2025/elementary_report_20250130.html → gs://de-bigquery-data-export-prod/elementary_reports/2025/elementary_report_20250130.html
2025-09-29 09:53:01,631 - INFO -   gs://data-bucket-prod/elementary_reports/2025/elementary_report_20250131.html → gs://de-bigquery-data-export-prod/elementary_reports/2025/elementary_report_20250131.html
2025-09-29 09:53:01,631 - INFO -   gs://data-bucket-prod/elementary_reports/2025/elementary_report_20250201.html → gs://de-bigquery-data-export-prod/elementary_reports/2025/elementary_report_20250201.html
2025-09-29 09:53:01,631 - INFO -   gs://data-bucket-prod/elementary_reports/2025/elementary_report_20250202.html → gs://de-bigquery-data-export-prod/elementary_reports/2025/elementary_report_20250202.html
2025-09-29 09:53:01,631 - INFO -   gs://data-bucket-prod/elementary_reports/2025/elementary_report_20250203.html → gs://de-bigquery-data-export-prod/elementary_reports/2025/elementary_report_20250203.html
2025-09-29 09:53:01,631 - INFO -   gs://data-bucket-prod/elementary_reports/2025/elementary_report_20250205.html → gs://de-bigquery-data-export-prod/elementary_reports/2025/elementary_report_20250205.html
2025-09-29 09:53:01,631 - INFO -   gs://data-bucket-prod/elementary_reports/2025/elementary_report_20250206.html → gs://de-bigquery-data-export-prod/elementary_reports/2025/elementary_report_20250206.html
2025-09-29 09:53:01,631 - INFO -   gs://data-bucket-prod/elementary_reports/2025/elementary_report_20250208.html → gs://de-bigquery-data-export-prod/elementary_reports/2025/elementary_report_20250208.html
2025-09-29 09:53:01,631 - INFO -   gs://data-bucket-prod/elementary_reports/2025/elementary_report_20250209.html → gs://de-bigquery-data-export-prod/elementary_reports/2025/elementary_report_20250209.html
2025-09-29 09:53:01,631 - INFO -   gs://data-bucket-prod/elementary_reports/2025/elementary_report_20250210.html → gs://de-bigquery-data-export-prod/elementary_reports/2025/elementary_report_20250210.html
2025-09-29 09:53:01,631 - INFO -   gs://data-bucket-prod/elementary_reports/2025/elementary_report_20250211.html → gs://de-bigquery-data-export-prod/elementary_reports/2025/elementary_report_20250211.html
2025-09-29 09:53:01,631 - INFO -   gs://data-bucket-prod/elementary_reports/2025/elementary_report_20250212.html → gs://de-bigquery-data-export-prod/elementary_reports/2025/elementary_report_20250212.html
2025-09-29 09:53:01,631 - INFO -   gs://data-bucket-prod/elementary_reports/2025/elementary_report_20250216.html → gs://de-bigquery-data-export-prod/elementary_reports/2025/elementary_report_20250216.html
2025-09-29 09:53:01,632 - INFO -   gs://data-bucket-prod/elementary_reports/2025/elementary_report_20250217.html → gs://de-bigquery-data-export-prod/elementary_reports/2025/elementary_report_20250217.html
2025-09-29 09:53:01,632 - INFO -   gs://data-bucket-prod/elementary_reports/2025/elementary_report_20250218.html → gs://de-bigquery-data-export-prod/elementary_reports/2025/elementary_report_20250218.html
2025-09-29 09:53:01,632 - INFO -   gs://data-bucket-prod/elementary_reports/2025/elementary_report_20250219.html → gs://de-bigquery-data-export-prod/elementary_reports/2025/elementary_report_20250219.html
2025-09-29 09:53:01,632 - INFO -   gs://data-bucket-prod/elementary_reports/2025/elementary_report_20250220.html → gs://de-bigquery-data-export-prod/elementary_reports/2025/elementary_report_20250220.html
2025-09-29 09:53:01,632 - INFO -   gs://data-bucket-prod/elementary_reports/2025/elementary_report_20250223.html → gs://de-bigquery-data-export-prod/elementary_reports/2025/elementary_report_20250223.html
2025-09-29 09:53:01,632 - INFO -   gs://data-bucket-prod/elementary_reports/2025/elementary_report_20250224.html → gs://de-bigquery-data-export-prod/elementary_reports/2025/elementary_report_20250224.html
2025-09-29 09:53:01,632 - INFO -   gs://data-bucket-prod/elementary_reports/2025/elementary_report_20250225.html → gs://de-bigquery-data-export-prod/elementary_reports/2025/elementary_report_20250225.html
2025-09-29 09:53:01,632 - INFO -   gs://data-bucket-prod/elementary_reports/2025/elementary_report_20250226.html → gs://de-bigquery-data-export-prod/elementary_reports/2025/elementary_report_20250226.html
2025-09-29 09:53:01,632 - INFO -   gs://data-bucket-prod/elementary_reports/2025/elementary_report_20250304.html → gs://de-bigquery-data-export-prod/elementary_reports/2025/elementary_report_20250304.html
2025-09-29 09:53:01,632 - INFO -   gs://data-bucket-prod/elementary_reports/2025/elementary_report_20250305.html → gs://de-bigquery-data-export-prod/elementary_reports/2025/elementary_report_20250305.html
2025-09-29 09:53:01,632 - INFO -   gs://data-bucket-prod/elementary_reports/2025/elementary_report_20250306.html → gs://de-bigquery-data-export-prod/elementary_reports/2025/elementary_report_20250306.html
2025-09-29 09:53:01,632 - INFO -   gs://data-bucket-prod/elementary_reports/2025/elementary_report_20250307.html → gs://de-bigquery-data-export-prod/elementary_reports/2025/elementary_report_20250307.html
2025-09-29 09:53:01,632 - INFO -   gs://data-bucket-prod/elementary_reports/2025/elementary_report_20250308.html → gs://de-bigquery-data-export-prod/elementary_reports/2025/elementary_report_20250308.html
2025-09-29 09:53:01,632 - INFO -   gs://data-bucket-prod/elementary_reports/2025/elementary_report_20250309.html → gs://de-bigquery-data-export-prod/elementary_reports/2025/elementary_report_20250309.html
2025-09-29 09:53:01,632 - INFO -   gs://data-bucket-prod/elementary_reports/2025/elementary_report_20250311.html → gs://de-bigquery-data-export-prod/elementary_reports/2025/elementary_report_20250311.html
2025-09-29 09:53:01,632 - INFO -   gs://data-bucket-prod/elementary_reports/2025/elementary_report_20250312.html → gs://de-bigquery-data-export-prod/elementary_reports/2025/elementary_report_20250312.html
2025-09-29 09:53:01,632 - INFO -   gs://data-bucket-prod/elementary_reports/2025/elementary_report_20250313.html → gs://de-bigquery-data-export-prod/elementary_reports/2025/elementary_report_20250313.html
2025-09-29 09:53:01,632 - INFO -   gs://data-bucket-prod/elementary_reports/2025/elementary_report_20250314.html → gs://de-bigquery-data-export-prod/elementary_reports/2025/elementary_report_20250314.html
2025-09-29 09:53:01,632 - INFO -   gs://data-bucket-prod/elementary_reports/2025/elementary_report_20250315.html → gs://de-bigquery-data-export-prod/elementary_reports/2025/elementary_report_20250315.html
2025-09-29 09:53:01,632 - INFO -   gs://data-bucket-prod/elementary_reports/2025/elementary_report_20250318.html → gs://de-bigquery-data-export-prod/elementary_reports/2025/elementary_report_20250318.html
2025-09-29 09:53:01,632 - INFO -   gs://data-bucket-prod/elementary_reports/2025/elementary_report_20250319.html → gs://de-bigquery-data-export-prod/elementary_reports/2025/elementary_report_20250319.html
2025-09-29 09:53:01,632 - INFO -   gs://data-bucket-prod/elementary_reports/2025/elementary_report_20250320.html → gs://de-bigquery-data-export-prod/elementary_reports/2025/elementary_report_20250320.html
2025-09-29 09:53:01,632 - INFO -   gs://data-bucket-prod/elementary_reports/2025/elementary_report_20250321.html → gs://de-bigquery-data-export-prod/elementary_reports/2025/elementary_report_20250321.html
2025-09-29 09:53:01,632 - INFO -   gs://data-bucket-prod/elementary_reports/2025/elementary_report_20250322.html → gs://de-bigquery-data-export-prod/elementary_reports/2025/elementary_report_20250322.html
2025-09-29 09:53:01,632 - INFO -   gs://data-bucket-prod/elementary_reports/2025/elementary_report_20250323.html → gs://de-bigquery-data-export-prod/elementary_reports/2025/elementary_report_20250323.html
2025-09-29 09:53:01,632 - INFO -   gs://data-bucket-prod/elementary_reports/2025/elementary_report_20250324.html → gs://de-bigquery-data-export-prod/elementary_reports/2025/elementary_report_20250324.html
2025-09-29 09:53:01,632 - INFO -   gs://data-bucket-prod/elementary_reports/2025/elementary_report_20250325.html → gs://de-bigquery-data-export-prod/elementary_reports/2025/elementary_report_20250325.html
2025-09-29 09:53:01,632 - INFO -   gs://data-bucket-prod/elementary_reports/2025/elementary_report_20250326.html → gs://de-bigquery-data-export-prod/elementary_reports/2025/elementary_report_20250326.html
2025-09-29 09:53:01,632 - INFO -   gs://data-bucket-prod/elementary_reports/2025/elementary_report_20250327.html → gs://de-bigquery-data-export-prod/elementary_reports/2025/elementary_report_20250327.html
2025-09-29 09:53:01,632 - INFO -   gs://data-bucket-prod/elementary_reports/2025/elementary_report_20250328.html → gs://de-bigquery-data-export-prod/elementary_reports/2025/elementary_report_20250328.html
2025-09-29 09:53:01,632 - INFO -   gs://data-bucket-prod/elementary_reports/2025/elementary_report_20250329.html → gs://de-bigquery-data-export-prod/elementary_reports/2025/elementary_report_20250329.html
2025-09-29 09:53:01,632 - INFO -   gs://data-bucket-prod/elementary_reports/2025/elementary_report_20250330.html → gs://de-bigquery-data-export-prod/elementary_reports/2025/elementary_report_20250330.html
2025-09-29 09:53:01,632 - INFO -   gs://data-bucket-prod/elementary_reports/2025/elementary_report_20250331.html → gs://de-bigquery-data-export-prod/elementary_reports/2025/elementary_report_20250331.html
2025-09-29 09:53:01,632 - INFO -   gs://data-bucket-prod/elementary_reports/2025/elementary_report_20250402.html → gs://de-bigquery-data-export-prod/elementary_reports/2025/elementary_report_20250402.html
2025-09-29 09:53:01,632 - INFO -   gs://data-bucket-prod/elementary_reports/2025/elementary_report_20250403.html → gs://de-bigquery-data-export-prod/elementary_reports/2025/elementary_report_20250403.html
2025-09-29 09:53:01,632 - INFO -   gs://data-bucket-prod/elementary_reports/2025/elementary_report_20250404.html → gs://de-bigquery-data-export-prod/elementary_reports/2025/elementary_report_20250404.html
2025-09-29 09:53:01,632 - INFO -   gs://data-bucket-prod/elementary_reports/2025/elementary_report_20250405.html → gs://de-bigquery-data-export-prod/elementary_reports/2025/elementary_report_20250405.html
2025-09-29 09:53:01,632 - INFO -   gs://data-bucket-prod/elementary_reports/2025/elementary_report_20250406.html → gs://de-bigquery-data-export-prod/elementary_reports/2025/elementary_report_20250406.html
2025-09-29 09:53:01,632 - INFO -   gs://data-bucket-prod/elementary_reports/2025/elementary_report_20250407.html → gs://de-bigquery-data-export-prod/elementary_reports/2025/elementary_report_20250407.html
2025-09-29 09:53:01,632 - INFO -   gs://data-bucket-prod/elementary_reports/2025/elementary_report_20250408.html → gs://de-bigquery-data-export-prod/elementary_reports/2025/elementary_report_20250408.html
2025-09-29 09:53:01,632 - INFO -   gs://data-bucket-prod/elementary_reports/2025/elementary_report_20250409.html → gs://de-bigquery-data-export-prod/elementary_reports/2025/elementary_report_20250409.html
2025-09-29 09:53:01,632 - INFO -   gs://data-bucket-prod/elementary_reports/2025/elementary_report_20250410.html → gs://de-bigquery-data-export-prod/elementary_reports/2025/elementary_report_20250410.html
2025-09-29 09:53:01,632 - INFO -   gs://data-bucket-prod/elementary_reports/2025/elementary_report_20250411.html → gs://de-bigquery-data-export-prod/elementary_reports/2025/elementary_report_20250411.html
2025-09-29 09:53:01,632 - INFO -   gs://data-bucket-prod/elementary_reports/2025/elementary_report_20250412.html → gs://de-bigquery-data-export-prod/elementary_reports/2025/elementary_report_20250412.html
2025-09-29 09:53:01,632 - INFO -   gs://data-bucket-prod/elementary_reports/2025/elementary_report_20250413.html → gs://de-bigquery-data-export-prod/elementary_reports/2025/elementary_report_20250413.html
2025-09-29 09:53:01,632 - INFO -   gs://data-bucket-prod/elementary_reports/2025/elementary_report_20250415.html → gs://de-bigquery-data-export-prod/elementary_reports/2025/elementary_report_20250415.html
2025-09-29 09:53:01,632 - INFO -   gs://data-bucket-prod/elementary_reports/2025/elementary_report_20250416.html → gs://de-bigquery-data-export-prod/elementary_reports/2025/elementary_report_20250416.html
2025-09-29 09:53:01,632 - INFO -   gs://data-bucket-prod/elementary_reports/2025/elementary_report_20250417.html → gs://de-bigquery-data-export-prod/elementary_reports/2025/elementary_report_20250417.html
2025-09-29 09:53:01,632 - INFO -   gs://data-bucket-prod/elementary_reports/2025/elementary_report_20250418.html → gs://de-bigquery-data-export-prod/elementary_reports/2025/elementary_report_20250418.html
2025-09-29 09:53:01,632 - INFO -   gs://data-bucket-prod/elementary_reports/2025/elementary_report_20250419.html → gs://de-bigquery-data-export-prod/elementary_reports/2025/elementary_report_20250419.html
2025-09-29 09:53:01,632 - INFO -   gs://data-bucket-prod/elementary_reports/2025/elementary_report_20250420.html → gs://de-bigquery-data-export-prod/elementary_reports/2025/elementary_report_20250420.html
2025-09-29 09:53:01,632 - INFO -   gs://data-bucket-prod/elementary_reports/2025/elementary_report_20250421.html → gs://de-bigquery-data-export-prod/elementary_reports/2025/elementary_report_20250421.html
2025-09-29 09:53:01,632 - INFO -   gs://data-bucket-prod/elementary_reports/2025/elementary_report_20250422.html → gs://de-bigquery-data-export-prod/elementary_reports/2025/elementary_report_20250422.html
2025-09-29 09:53:01,632 - INFO -   gs://data-bucket-prod/elementary_reports/2025/elementary_report_20250423.html → gs://de-bigquery-data-export-prod/elementary_reports/2025/elementary_report_20250423.html
2025-09-29 09:53:01,632 - INFO -   gs://data-bucket-prod/elementary_reports/2025/elementary_report_20250424.html → gs://de-bigquery-data-export-prod/elementary_reports/2025/elementary_report_20250424.html
2025-09-29 09:53:01,632 - INFO -   gs://data-bucket-prod/elementary_reports/2025/elementary_report_20250425.html → gs://de-bigquery-data-export-prod/elementary_reports/2025/elementary_report_20250425.html
2025-09-29 09:53:01,632 - INFO -   gs://data-bucket-prod/elementary_reports/2025/elementary_report_20250426.html → gs://de-bigquery-data-export-prod/elementary_reports/2025/elementary_report_20250426.html
2025-09-29 09:53:01,632 - INFO -   gs://data-bucket-prod/elementary_reports/2025/elementary_report_20250427.html → gs://de-bigquery-data-export-prod/elementary_reports/2025/elementary_report_20250427.html
2025-09-29 09:53:01,632 - INFO -   gs://data-bucket-prod/elementary_reports/2025/elementary_report_20250513.html → gs://de-bigquery-data-export-prod/elementary_reports/2025/elementary_report_20250513.html
2025-09-29 09:53:01,632 - INFO -   gs://data-bucket-prod/elementary_reports/2025/elementary_report_20250514.html → gs://de-bigquery-data-export-prod/elementary_reports/2025/elementary_report_20250514.html
2025-09-29 09:53:01,632 - INFO -   gs://data-bucket-prod/elementary_reports/2025/elementary_report_20250515.html → gs://de-bigquery-data-export-prod/elementary_reports/2025/elementary_report_20250515.html
2025-09-29 09:53:01,632 - INFO -   gs://data-bucket-prod/elementary_reports/2025/elementary_report_20250516.html → gs://de-bigquery-data-export-prod/elementary_reports/2025/elementary_report_20250516.html
2025-09-29 09:53:01,632 - INFO -   gs://data-bucket-prod/elementary_reports/2025/elementary_report_20250517.html → gs://de-bigquery-data-export-prod/elementary_reports/2025/elementary_report_20250517.html
2025-09-29 09:53:01,632 - INFO -   gs://data-bucket-prod/elementary_reports/2025/elementary_report_20250518.html → gs://de-bigquery-data-export-prod/elementary_reports/2025/elementary_report_20250518.html
2025-09-29 09:53:01,632 - INFO -   gs://data-bucket-prod/elementary_reports/2025/elementary_report_20250519.html → gs://de-bigquery-data-export-prod/elementary_reports/2025/elementary_report_20250519.html
2025-09-29 09:53:01,632 - INFO -   gs://data-bucket-prod/elementary_reports/2025/elementary_report_20250520.html → gs://de-bigquery-data-export-prod/elementary_reports/2025/elementary_report_20250520.html
2025-09-29 09:53:01,632 - INFO -   gs://data-bucket-prod/elementary_reports/2025/elementary_report_20250521.html → gs://de-bigquery-data-export-prod/elementary_reports/2025/elementary_report_20250521.html
2025-09-29 09:53:01,632 - INFO -   gs://data-bucket-prod/elementary_reports/2025/elementary_report_20250522.html → gs://de-bigquery-data-export-prod/elementary_reports/2025/elementary_report_20250522.html
2025-09-29 09:53:01,632 - INFO -   gs://data-bucket-prod/elementary_reports/2025/elementary_report_20250523.html → gs://de-bigquery-data-export-prod/elementary_reports/2025/elementary_report_20250523.html
2025-09-29 09:53:01,632 - INFO -   gs://data-bucket-prod/elementary_reports/2025/elementary_report_20250526.html → gs://de-bigquery-data-export-prod/elementary_reports/2025/elementary_report_20250526.html
2025-09-29 09:53:01,632 - INFO -   gs://data-bucket-prod/elementary_reports/2025/elementary_report_20250528.html → gs://de-bigquery-data-export-prod/elementary_reports/2025/elementary_report_20250528.html
2025-09-29 09:53:01,632 - INFO -   gs://data-bucket-prod/elementary_reports/2025/elementary_report_20250529.html → gs://de-bigquery-data-export-prod/elementary_reports/2025/elementary_report_20250529.html
2025-09-29 09:53:01,632 - INFO -   gs://data-bucket-prod/elementary_reports/2025/elementary_report_20250530.html → gs://de-bigquery-data-export-prod/elementary_reports/2025/elementary_report_20250530.html
2025-09-29 09:53:01,632 - INFO -   gs://data-bucket-prod/elementary_reports/2025/elementary_report_20250601.html → gs://de-bigquery-data-export-prod/elementary_reports/2025/elementary_report_20250601.html
2025-09-29 09:53:01,632 - INFO -   gs://data-bucket-prod/elementary_reports/2025/elementary_report_20250602.html → gs://de-bigquery-data-export-prod/elementary_reports/2025/elementary_report_20250602.html
2025-09-29 09:53:01,632 - INFO -   gs://data-bucket-prod/elementary_reports/2025/elementary_report_20250603.html → gs://de-bigquery-data-export-prod/elementary_reports/2025/elementary_report_20250603.html
2025-09-29 09:53:01,632 - INFO -   gs://data-bucket-prod/elementary_reports/2025/elementary_report_20250604.html → gs://de-bigquery-data-export-prod/elementary_reports/2025/elementary_report_20250604.html
2025-09-29 09:53:01,632 - INFO -   gs://data-bucket-prod/elementary_reports/2025/elementary_report_20250605.html → gs://de-bigquery-data-export-prod/elementary_reports/2025/elementary_report_20250605.html
2025-09-29 09:53:01,632 - INFO -   gs://data-bucket-prod/elementary_reports/2025/elementary_report_20250606.html → gs://de-bigquery-data-export-prod/elementary_reports/2025/elementary_report_20250606.html
2025-09-29 09:53:01,632 - INFO -   gs://data-bucket-prod/elementary_reports/2025/elementary_report_20250607.html → gs://de-bigquery-data-export-prod/elementary_reports/2025/elementary_report_20250607.html
2025-09-29 09:53:01,633 - INFO -   gs://data-bucket-prod/elementary_reports/2025/elementary_report_20250608.html → gs://de-bigquery-data-export-prod/elementary_reports/2025/elementary_report_20250608.html
2025-09-29 09:53:01,633 - INFO -   gs://data-bucket-prod/elementary_reports/2025/elementary_report_20250609.html → gs://de-bigquery-data-export-prod/elementary_reports/2025/elementary_report_20250609.html
2025-09-29 09:53:01,633 - INFO -   gs://data-bucket-prod/elementary_reports/2025/elementary_report_20250610.html → gs://de-bigquery-data-export-prod/elementary_reports/2025/elementary_report_20250610.html
2025-09-29 09:53:01,633 - INFO -   gs://data-bucket-prod/elementary_reports/2025/elementary_report_20250611.html → gs://de-bigquery-data-export-prod/elementary_reports/2025/elementary_report_20250611.html
2025-09-29 09:53:01,633 - INFO -   gs://data-bucket-prod/elementary_reports/2025/elementary_report_20250612.html → gs://de-bigquery-data-export-prod/elementary_reports/2025/elementary_report_20250612.html
2025-09-29 09:53:01,633 - INFO -   gs://data-bucket-prod/elementary_reports/2025/elementary_report_20250613.html → gs://de-bigquery-data-export-prod/elementary_reports/2025/elementary_report_20250613.html
2025-09-29 09:53:01,633 - INFO -   gs://data-bucket-prod/elementary_reports/2025/elementary_report_20250614.html → gs://de-bigquery-data-export-prod/elementary_reports/2025/elementary_report_20250614.html
2025-09-29 09:53:01,633 - INFO -   gs://data-bucket-prod/elementary_reports/2025/elementary_report_20250615.html → gs://de-bigquery-data-export-prod/elementary_reports/2025/elementary_report_20250615.html
2025-09-29 09:53:01,633 - INFO -   gs://data-bucket-prod/elementary_reports/2025/elementary_report_20250616.html → gs://de-bigquery-data-export-prod/elementary_reports/2025/elementary_report_20250616.html
2025-09-29 09:53:01,633 - INFO -   gs://data-bucket-prod/elementary_reports/2025/elementary_report_20250617.html → gs://de-bigquery-data-export-prod/elementary_reports/2025/elementary_report_20250617.html
2025-09-29 09:53:01,633 - INFO -   gs://data-bucket-prod/elementary_reports/2025/elementary_report_20250618.html → gs://de-bigquery-data-export-prod/elementary_reports/2025/elementary_report_20250618.html
2025-09-29 09:53:01,633 - INFO -   gs://data-bucket-prod/elementary_reports/2025/elementary_report_20250619.html → gs://de-bigquery-data-export-prod/elementary_reports/2025/elementary_report_20250619.html
2025-09-29 09:53:01,633 - INFO -   gs://data-bucket-prod/elementary_reports/2025/elementary_report_20250620.html → gs://de-bigquery-data-export-prod/elementary_reports/2025/elementary_report_20250620.html
2025-09-29 09:53:01,633 - INFO -   gs://data-bucket-prod/elementary_reports/2025/elementary_report_20250621.html → gs://de-bigquery-data-export-prod/elementary_reports/2025/elementary_report_20250621.html
2025-09-29 09:53:01,633 - INFO -   gs://data-bucket-prod/elementary_reports/2025/elementary_report_20250622.html → gs://de-bigquery-data-export-prod/elementary_reports/2025/elementary_report_20250622.html
2025-09-29 09:53:01,633 - INFO -   gs://data-bucket-prod/elementary_reports/2025/elementary_report_20250623.html → gs://de-bigquery-data-export-prod/elementary_reports/2025/elementary_report_20250623.html
2025-09-29 09:53:01,633 - INFO -   gs://data-bucket-prod/elementary_reports/2025/elementary_report_20250624.html → gs://de-bigquery-data-export-prod/elementary_reports/2025/elementary_report_20250624.html
2025-09-29 09:53:01,633 - INFO -   gs://data-bucket-prod/elementary_reports/2025/elementary_report_20250625.html → gs://de-bigquery-data-export-prod/elementary_reports/2025/elementary_report_20250625.html
2025-09-29 09:53:01,633 - INFO -   gs://data-bucket-prod/elementary_reports/2025/elementary_report_20250626.html → gs://de-bigquery-data-export-prod/elementary_reports/2025/elementary_report_20250626.html
2025-09-29 09:53:01,633 - INFO -   gs://data-bucket-prod/elementary_reports/2025/elementary_report_20250627.html → gs://de-bigquery-data-export-prod/elementary_reports/2025/elementary_report_20250627.html
2025-09-29 09:53:01,633 - INFO -   gs://data-bucket-prod/elementary_reports/2025/elementary_report_20250628.html → gs://de-bigquery-data-export-prod/elementary_reports/2025/elementary_report_20250628.html
2025-09-29 09:53:01,633 - INFO -   gs://data-bucket-prod/elementary_reports/2025/elementary_report_20250629.html → gs://de-bigquery-data-export-prod/elementary_reports/2025/elementary_report_20250629.html
2025-09-29 09:53:01,633 - INFO -   gs://data-bucket-prod/elementary_reports/2025/elementary_report_20250630.html → gs://de-bigquery-data-export-prod/elementary_reports/2025/elementary_report_20250630.html
2025-09-29 09:53:01,633 - INFO -   gs://data-bucket-prod/elementary_reports/2025/elementary_report_20250701.html → gs://de-bigquery-data-export-prod/elementary_reports/2025/elementary_report_20250701.html
2025-09-29 09:53:01,633 - INFO -   gs://data-bucket-prod/elementary_reports/2025/elementary_report_20250702.html → gs://de-bigquery-data-export-prod/elementary_reports/2025/elementary_report_20250702.html
2025-09-29 09:53:01,633 - INFO -   gs://data-bucket-prod/elementary_reports/2025/elementary_report_20250703.html → gs://de-bigquery-data-export-prod/elementary_reports/2025/elementary_report_20250703.html
2025-09-29 09:53:01,633 - INFO -   gs://data-bucket-prod/elementary_reports/2025/elementary_report_20250704.html → gs://de-bigquery-data-export-prod/elementary_reports/2025/elementary_report_20250704.html
2025-09-29 09:53:01,633 - INFO -   gs://data-bucket-prod/elementary_reports/2025/elementary_report_20250705.html → gs://de-bigquery-data-export-prod/elementary_reports/2025/elementary_report_20250705.html
2025-09-29 09:53:01,633 - INFO -   gs://data-bucket-prod/elementary_reports/2025/elementary_report_20250706.html → gs://de-bigquery-data-export-prod/elementary_reports/2025/elementary_report_20250706.html
2025-09-29 09:53:01,633 - INFO -   gs://data-bucket-prod/elementary_reports/2025/elementary_report_20250707.html → gs://de-bigquery-data-export-prod/elementary_reports/2025/elementary_report_20250707.html
2025-09-29 09:53:01,633 - INFO -   gs://data-bucket-prod/elementary_reports/2025/elementary_report_20250708.html → gs://de-bigquery-data-export-prod/elementary_reports/2025/elementary_report_20250708.html
2025-09-29 09:53:01,633 - INFO -   gs://data-bucket-prod/elementary_reports/2025/elementary_report_20250709.html → gs://de-bigquery-data-export-prod/elementary_reports/2025/elementary_report_20250709.html
2025-09-29 09:53:01,633 - INFO -   gs://data-bucket-prod/elementary_reports/2025/elementary_report_20250710.html → gs://de-bigquery-data-export-prod/elementary_reports/2025/elementary_report_20250710.html
2025-09-29 09:53:01,633 - INFO -   gs://data-bucket-prod/elementary_reports/2025/elementary_report_20250714.html → gs://de-bigquery-data-export-prod/elementary_reports/2025/elementary_report_20250714.html
2025-09-29 09:53:01,633 - INFO -   gs://data-bucket-prod/elementary_reports/2025/elementary_report_20250715.html → gs://de-bigquery-data-export-prod/elementary_reports/2025/elementary_report_20250715.html
2025-09-29 09:53:01,633 - INFO -   gs://data-bucket-prod/elementary_reports/2025/elementary_report_20250716.html → gs://de-bigquery-data-export-prod/elementary_reports/2025/elementary_report_20250716.html
2025-09-29 09:53:01,633 - INFO -   gs://data-bucket-prod/elementary_reports/2025/elementary_report_20250717.html → gs://de-bigquery-data-export-prod/elementary_reports/2025/elementary_report_20250717.html
2025-09-29 09:53:01,633 - INFO -   gs://data-bucket-prod/elementary_reports/2025/elementary_report_20250718.html → gs://de-bigquery-data-export-prod/elementary_reports/2025/elementary_report_20250718.html
2025-09-29 09:53:01,633 - INFO -   gs://data-bucket-prod/elementary_reports/2025/elementary_report_20250719.html → gs://de-bigquery-data-export-prod/elementary_reports/2025/elementary_report_20250719.html
2025-09-29 09:53:01,633 - INFO -   gs://data-bucket-prod/elementary_reports/2025/elementary_report_20250720.html → gs://de-bigquery-data-export-prod/elementary_reports/2025/elementary_report_20250720.html
2025-09-29 09:53:01,633 - INFO -   gs://data-bucket-prod/elementary_reports/2025/elementary_report_20250721.html → gs://de-bigquery-data-export-prod/elementary_reports/2025/elementary_report_20250721.html
2025-09-29 09:53:01,633 - INFO -   gs://data-bucket-prod/elementary_reports/2025/elementary_report_20250722.html → gs://de-bigquery-data-export-prod/elementary_reports/2025/elementary_report_20250722.html
2025-09-29 09:53:01,633 - INFO -   gs://data-bucket-prod/elementary_reports/2025/elementary_report_20250723.html → gs://de-bigquery-data-export-prod/elementary_reports/2025/elementary_report_20250723.html
2025-09-29 09:53:01,633 - INFO -   gs://data-bucket-prod/elementary_reports/2025/elementary_report_20250724.html → gs://de-bigquery-data-export-prod/elementary_reports/2025/elementary_report_20250724.html
2025-09-29 09:53:01,633 - INFO -   gs://data-bucket-prod/elementary_reports/2025/elementary_report_20250725.html → gs://de-bigquery-data-export-prod/elementary_reports/2025/elementary_report_20250725.html
2025-09-29 09:53:01,633 - INFO -   gs://data-bucket-prod/elementary_reports/2025/elementary_report_20250726.html → gs://de-bigquery-data-export-prod/elementary_reports/2025/elementary_report_20250726.html
2025-09-29 09:53:01,633 - INFO -   gs://data-bucket-prod/elementary_reports/2025/elementary_report_20250727.html → gs://de-bigquery-data-export-prod/elementary_reports/2025/elementary_report_20250727.html
2025-09-29 09:53:01,633 - INFO -   gs://data-bucket-prod/elementary_reports/2025/elementary_report_20250728.html → gs://de-bigquery-data-export-prod/elementary_reports/2025/elementary_report_20250728.html
2025-09-29 09:53:01,633 - INFO -   gs://data-bucket-prod/elementary_reports/2025/elementary_report_20250729.html → gs://de-bigquery-data-export-prod/elementary_reports/2025/elementary_report_20250729.html
2025-09-29 09:53:01,633 - INFO -   gs://data-bucket-prod/elementary_reports/2025/elementary_report_20250730.html → gs://de-bigquery-data-export-prod/elementary_reports/2025/elementary_report_20250730.html
2025-09-29 09:53:01,633 - INFO -   gs://data-bucket-prod/elementary_reports/2025/elementary_report_20250731.html → gs://de-bigquery-data-export-prod/elementary_reports/2025/elementary_report_20250731.html
2025-09-29 09:53:01,633 - INFO -   gs://data-bucket-prod/elementary_reports/2025/elementary_report_20250801.html → gs://de-bigquery-data-export-prod/elementary_reports/2025/elementary_report_20250801.html
2025-09-29 09:53:01,633 - INFO -   gs://data-bucket-prod/elementary_reports/2025/elementary_report_20250802.html → gs://de-bigquery-data-export-prod/elementary_reports/2025/elementary_report_20250802.html
2025-09-29 09:53:01,633 - INFO -   gs://data-bucket-prod/elementary_reports/2025/elementary_report_20250803.html → gs://de-bigquery-data-export-prod/elementary_reports/2025/elementary_report_20250803.html
2025-09-29 09:53:01,633 - INFO -   gs://data-bucket-prod/elementary_reports/2025/elementary_report_20250804.html → gs://de-bigquery-data-export-prod/elementary_reports/2025/elementary_report_20250804.html
2025-09-29 09:53:01,633 - INFO -   gs://data-bucket-prod/elementary_reports/2025/elementary_report_20250805.html → gs://de-bigquery-data-export-prod/elementary_reports/2025/elementary_report_20250805.html
2025-09-29 09:53:01,633 - INFO -   gs://data-bucket-prod/elementary_reports/2025/elementary_report_20250806.html → gs://de-bigquery-data-export-prod/elementary_reports/2025/elementary_report_20250806.html
2025-09-29 09:53:01,633 - INFO -   gs://data-bucket-prod/elementary_reports/2025/elementary_report_20250807.html → gs://de-bigquery-data-export-prod/elementary_reports/2025/elementary_report_20250807.html
2025-09-29 09:53:01,633 - INFO -   gs://data-bucket-prod/elementary_reports/2025/elementary_report_20250808.html → gs://de-bigquery-data-export-prod/elementary_reports/2025/elementary_report_20250808.html
2025-09-29 09:53:01,633 - INFO -   gs://data-bucket-prod/elementary_reports/2025/elementary_report_20250809.html → gs://de-bigquery-data-export-prod/elementary_reports/2025/elementary_report_20250809.html
2025-09-29 09:53:01,633 - INFO -   gs://data-bucket-prod/elementary_reports/2025/elementary_report_20250810.html → gs://de-bigquery-data-export-prod/elementary_reports/2025/elementary_report_20250810.html
2025-09-29 09:53:01,633 - INFO -   gs://data-bucket-prod/elementary_reports/2025/elementary_report_20250811.html → gs://de-bigquery-data-export-prod/elementary_reports/2025/elementary_report_20250811.html
2025-09-29 09:53:01,633 - INFO -   gs://data-bucket-prod/elementary_reports/2025/elementary_report_20250812.html → gs://de-bigquery-data-export-prod/elementary_reports/2025/elementary_report_20250812.html
2025-09-29 09:53:01,633 - INFO -   gs://data-bucket-prod/elementary_reports/2025/elementary_report_20250818.html → gs://de-bigquery-data-export-prod/elementary_reports/2025/elementary_report_20250818.html
2025-09-29 09:53:01,633 - INFO -   gs://data-bucket-prod/elementary_reports/2025/elementary_report_20250819.html → gs://de-bigquery-data-export-prod/elementary_reports/2025/elementary_report_20250819.html
2025-09-29 09:53:01,633 - INFO -   gs://data-bucket-prod/elementary_reports/2025/elementary_report_20250820.html → gs://de-bigquery-data-export-prod/elementary_reports/2025/elementary_report_20250820.html
2025-09-29 09:53:01,633 - INFO -   gs://data-bucket-prod/elementary_reports/2025/elementary_report_20250821.html → gs://de-bigquery-data-export-prod/elementary_reports/2025/elementary_report_20250821.html
2025-09-29 09:53:01,633 - INFO -   gs://data-bucket-prod/elementary_reports/2025/elementary_report_20250822.html → gs://de-bigquery-data-export-prod/elementary_reports/2025/elementary_report_20250822.html
2025-09-29 09:53:01,633 - INFO -   gs://data-bucket-prod/elementary_reports/2025/elementary_report_20250824.html → gs://de-bigquery-data-export-prod/elementary_reports/2025/elementary_report_20250824.html
2025-09-29 09:53:01,633 - INFO -   gs://data-bucket-prod/elementary_reports/2025/elementary_report_20250825.html → gs://de-bigquery-data-export-prod/elementary_reports/2025/elementary_report_20250825.html
2025-09-29 09:53:01,633 - INFO -   gs://data-bucket-prod/elementary_reports/2025/elementary_report_20250826.html → gs://de-bigquery-data-export-prod/elementary_reports/2025/elementary_report_20250826.html
2025-09-29 09:53:01,633 - INFO -   gs://data-bucket-prod/elementary_reports/2025/elementary_report_20250827.html → gs://de-bigquery-data-export-prod/elementary_reports/2025/elementary_report_20250827.html
2025-09-29 09:53:01,633 - INFO -   gs://data-bucket-prod/elementary_reports/2025/elementary_report_20250828.html → gs://de-bigquery-data-export-prod/elementary_reports/2025/elementary_report_20250828.html
2025-09-29 09:53:01,634 - INFO -   gs://data-bucket-prod/elementary_reports/2025/elementary_report_20250830.html → gs://de-bigquery-data-export-prod/elementary_reports/2025/elementary_report_20250830.html
2025-09-29 09:53:01,634 - INFO -   gs://data-bucket-prod/elementary_reports/2025/elementary_report_20250831.html → gs://de-bigquery-data-export-prod/elementary_reports/2025/elementary_report_20250831.html
2025-09-29 09:53:01,634 - INFO -   gs://data-bucket-prod/elementary_reports/2025/elementary_report_20250901.html → gs://de-bigquery-data-export-prod/elementary_reports/2025/elementary_report_20250901.html
2025-09-29 09:53:01,634 - INFO -   gs://data-bucket-prod/elementary_reports/2025/elementary_report_20250902.html → gs://de-bigquery-data-export-prod/elementary_reports/2025/elementary_report_20250902.html
2025-09-29 09:53:01,634 - INFO -   gs://data-bucket-prod/elementary_reports/2025/elementary_report_20250903.html → gs://de-bigquery-data-export-prod/elementary_reports/2025/elementary_report_20250903.html
2025-09-29 09:53:01,634 - INFO -   gs://data-bucket-prod/elementary_reports/2025/elementary_report_20250904.html → gs://de-bigquery-data-export-prod/elementary_reports/2025/elementary_report_20250904.html
2025-09-29 09:53:01,634 - INFO -   gs://data-bucket-prod/elementary_reports/2025/elementary_report_20250905.html → gs://de-bigquery-data-export-prod/elementary_reports/2025/elementary_report_20250905.html
2025-09-29 09:53:01,634 - INFO -   gs://data-bucket-prod/elementary_reports/2025/elementary_report_20250906.html → gs://de-bigquery-data-export-prod/elementary_reports/2025/elementary_report_20250906.html
2025-09-29 09:53:01,634 - INFO -   gs://data-bucket-prod/elementary_reports/2025/elementary_report_20250907.html → gs://de-bigquery-data-export-prod/elementary_reports/2025/elementary_report_20250907.html
2025-09-29 09:53:01,634 - INFO -   gs://data-bucket-prod/elementary_reports/2025/elementary_report_20250908.html → gs://de-bigquery-data-export-prod/elementary_reports/2025/elementary_report_20250908.html
2025-09-29 09:53:01,634 - INFO -   gs://data-bucket-prod/elementary_reports/2025/elementary_report_20250909.html → gs://de-bigquery-data-export-prod/elementary_reports/2025/elementary_report_20250909.html
2025-09-29 09:53:01,634 - INFO -   gs://data-bucket-prod/elementary_reports/2025/elementary_report_20250910.html → gs://de-bigquery-data-export-prod/elementary_reports/2025/elementary_report_20250910.html
2025-09-29 09:53:01,634 - INFO -   gs://data-bucket-prod/elementary_reports/2025/elementary_report_20250911.html → gs://de-bigquery-data-export-prod/elementary_reports/2025/elementary_report_20250911.html
2025-09-29 09:53:01,634 - INFO -   gs://data-bucket-prod/elementary_reports/2025/elementary_report_20250912.html → gs://de-bigquery-data-export-prod/elementary_reports/2025/elementary_report_20250912.html
2025-09-29 09:53:01,634 - INFO -   gs://data-bucket-prod/elementary_reports/2025/elementary_report_20250913.html → gs://de-bigquery-data-export-prod/elementary_reports/2025/elementary_report_20250913.html
2025-09-29 09:53:01,634 - INFO -   gs://data-bucket-prod/elementary_reports/2025/elementary_report_20250914.html → gs://de-bigquery-data-export-prod/elementary_reports/2025/elementary_report_20250914.html
2025-09-29 09:53:01,634 - INFO -   gs://data-bucket-prod/elementary_reports/2025/elementary_report_20250915.html → gs://de-bigquery-data-export-prod/elementary_reports/2025/elementary_report_20250915.html
2025-09-29 09:53:01,634 - INFO - ================================================================================
2025-09-29 09:53:01,634 - INFO - MIGRATION SUMMARY
2025-09-29 09:53:01,634 - INFO - Files migrated: 310
2025-09-29 09:53:01,634 - INFO - Status: SUCCESS
2025-09-29 09:53:01,634 - INFO - File type breakdown:
2025-09-29 09:53:01,634 - INFO -   no_ext: 3 files
2025-09-29 09:53:01,634 - INFO -   html: 307 files
2025-09-29 09:53:01,634 - INFO - Report coverage: 2 years (2024 - 2025)
2025-09-29 09:53:01,635 - INFO - DRY RUN - No actual migration performed
2025-09-29 09:53:01,635 - INFO - ================================================================================
