2025-09-29 09:53:21,923 - INFO - ================================================================================
2025-09-29 09:53:21,923 - INFO - Starting Elementary Reports Migration
2025-09-29 09:53:21,923 - INFO - Environment: prod
2025-09-29 09:53:21,923 - INFO - Mode: DRY RUN
2025-09-29 09:53:21,923 - INFO - ⚠️  NOTE: This affects daily report generation and growing volume!
2025-09-29 09:53:21,923 - INFO - ================================================================================
2025-09-29 09:53:22,952 - INFO - Starting Elementary reports migration
2025-09-29 09:53:22,952 - INFO -   From: gs://data-bucket-prod/elementary_reports/
2025-09-29 09:53:22,952 - INFO -   To: gs://de-bigquery-data-export-prod/elementary_reports/
2025-09-29 09:53:22,952 - INFO - Scanning contents of gs://data-bucket-prod/elementary_reports/
2025-09-29 09:53:23,640 - INFO - Found 310 Elementary report files to migrate
2025-09-29 09:53:24,300 - INFO - Total size: 3.88GiB gs://data-bucket-prod/elementary_reports/
2025-09-29 09:53:24,300 - INFO - File analysis:
2025-09-29 09:53:24,301 - INFO -   Total files: 310
2025-09-29 09:53:24,301 - INFO -   File types: {'no_ext': 3, 'html': 307}
2025-09-29 09:53:24,301 - INFO -   Years with reports: ['2024', '2025']
2025-09-29 09:53:24,301 - INFO -   Recent months: ['202504', '202505', '202506', '202507', '202508', '202509']
2025-09-29 09:53:24,301 - INFO -   Sample reports:
2025-09-29 09:53:24,301 - INFO -     📄 :
2025-09-29 09:53:24,301 - INFO -     📄 :
2025-09-29 09:53:24,301 - INFO -     📊 elementary_report_20240918.html (Daily monitoring report)
2025-09-29 09:53:24,301 - INFO -     📊 elementary_report_20240919.html (Daily monitoring report)
2025-09-29 09:53:24,301 - INFO -     📊 elementary_report_20240920.html (Daily monitoring report)
2025-09-29 09:53:24,301 - INFO - DRY RUN - Elementary report files that would be migrated:
2025-09-29 09:53:24,301 - INFO - ================================================================================
2025-09-29 09:53:24,301 - INFO - MIGRATION SUMMARY
2025-09-29 09:53:24,301 - INFO - Files migrated: 310
2025-09-29 09:53:24,301 - INFO - Status: SUCCESS
2025-09-29 09:53:24,301 - INFO - File type breakdown:
2025-09-29 09:53:24,301 - INFO -   no_ext: 3 files
2025-09-29 09:53:24,301 - INFO -   html: 307 files
2025-09-29 09:53:24,301 - INFO - Report coverage: 2 years (2024 - 2025)
2025-09-29 09:53:24,301 - INFO - DRY RUN - No actual migration performed
2025-09-29 09:53:24,301 - INFO - ================================================================================
